<?xml version="1.0" encoding="UTF-8"?>
<testng-results ignored="0" total="2" passed="2" failed="0" skipped="0">
  <reporter-output>
  </reporter-output>
  <suite started-at="2023-09-26T17:33:25 IST" name="Suite" finished-at="2023-09-26T17:35:30 IST" duration-ms="124770">
    <groups>
    </groups>
    <test started-at="2023-09-26T17:33:25 IST" name="Test" finished-at="2023-09-26T17:35:30 IST" duration-ms="124770">
      <class name="tests.LoginTest">
        <test-method signature="Login()[pri:0, instance:tests.LoginTest@4d0d9fe7]" started-at="2023-09-26T17:35:04 IST" name="Login" finished-at="2023-09-26T17:35:29 IST" duration-ms="25674" status="PASS">
          <reporter-output>
          </reporter-output>
        </test-method> <!-- Login -->
        <test-method is-config="true" signature="closure()[pri:0, instance:tests.LoginTest@4d0d9fe7]" started-at="2023-09-26T17:35:29 IST" name="closure" finished-at="2023-09-26T17:35:30 IST" duration-ms="635" status="PASS">
          <reporter-output>
          </reporter-output>
        </test-method> <!-- closure -->
      </class> <!-- tests.LoginTest -->
      <class name="tests.RegistrationTest">
        <test-method signature="registration()[pri:0, instance:tests.RegistrationTest@2cb4893b]" started-at="2023-09-26T17:33:25 IST" name="registration" finished-at="2023-09-26T17:34:55 IST" duration-ms="89515" status="PASS">
          <reporter-output>
          </reporter-output>
        </test-method> <!-- registration -->
        <test-method is-config="true" signature="closure()[pri:0, instance:tests.RegistrationTest@2cb4893b]" started-at="2023-09-26T17:34:55 IST" name="closure" finished-at="2023-09-26T17:35:03 IST" duration-ms="8764" status="PASS">
          <reporter-output>
          </reporter-output>
        </test-method> <!-- closure -->
      </class> <!-- tests.RegistrationTest -->
    </test> <!-- Test -->
  </suite> <!-- Suite -->
</testng-results>
