<?xml version="1.0" encoding="UTF-8"?>
<testng-results ignored="0" total="1" passed="1" failed="0" skipped="0">
  <reporter-output>
  </reporter-output>
  <suite started-at="2023-09-27T10:36:22 IST" name="Default suite" finished-at="2023-09-27T10:36:48 IST" duration-ms="26492">
    <groups>
    </groups>
    <test started-at="2023-09-27T10:36:22 IST" name="Default test" finished-at="2023-09-27T10:36:48 IST" duration-ms="26492">
      <class name="tests.RegistrationTest">
        <test-method signature="registration()[pri:0, instance:tests.RegistrationTest@4659191b]" started-at="2023-09-27T10:36:22 IST" name="registration" finished-at="2023-09-27T10:36:47 IST" duration-ms="25759" status="PASS">
          <reporter-output>
          </reporter-output>
        </test-method> <!-- registration -->
        <test-method is-config="true" signature="closure()[pri:0, instance:tests.RegistrationTest@4659191b]" started-at="2023-09-27T10:36:47 IST" name="closure" finished-at="2023-09-27T10:36:48 IST" duration-ms="683" status="PASS">
          <reporter-output>
          </reporter-output>
        </test-method> <!-- closure -->
      </class> <!-- tests.RegistrationTest -->
    </test> <!-- Default test -->
  </suite> <!-- Default suite -->
</testng-results>
